<testsuite failures="0" name="features/dataDrivenTest.feature" skipped="0" tests="16" time="6.369455">
  <testcase classname="features.dataDrivenTest" name="Login users" time="1.030757">
    <system-out>Given url 'https://www.krafttechexlab.com/sw/api/v1/allusers/login' ....... passed
* form field email = 'KAlp8@krafttechexlab.com' ........................... passed
* form field password = '123467' .......................................... passed
When method POST .......................................................... passed
* status 200 .............................................................. passed
* print response .......................................................... passed</system-out>
  </testcase>
  <testcase classname="features.dataDrivenTest" name="Login users" time="0.982163">
    <system-out>Given url 'https://www.krafttechexlab.com/sw/api/v1/allusers/login' ....... passed
* form field email = 'KAlp8@krafttechexlab.com' ........................... passed
* form field password = '123467' .......................................... passed
When method POST .......................................................... passed
* status 200 .............................................................. passed
* print response .......................................................... passed
Given url 'https://www.krafttechexlab.com/sw/api/v1/allusers/login' ....... passed
* form field email = 'Ramanzi@test.com' ................................... passed
* form field password = 'Test123456' ...................................... passed
When method POST .......................................................... passed
* status 200 .............................................................. passed
* print response .......................................................... passed</system-out>
  </testcase>
  <testcase classname="features.dataDrivenTest" name="Login users" time="0.275896">
    <system-out>Given url 'https://www.krafttechexlab.com/sw/api/v1/allusers/login' ....... passed
* form field email = 'KAlp8@krafttechexlab.com' ........................... passed
* form field password = '123467' .......................................... passed
When method POST .......................................................... passed
* status 200 .............................................................. passed
* print response .......................................................... passed
Given url 'https://www.krafttechexlab.com/sw/api/v1/allusers/login' ....... passed
* form field email = 'Ramanzi@test.com' ................................... passed
* form field password = 'Test123456' ...................................... passed
When method POST .......................................................... passed
* status 200 .............................................................. passed
* print response .......................................................... passed
Given url 'https://www.krafttechexlab.com/sw/api/v1/allusers/login' ....... passed
* form field email = 'user11@test.com' .................................... passed
* form field password = 'Test123456' ...................................... passed
When method POST .......................................................... passed
* status 200 .............................................................. passed
* print response .......................................................... passed</system-out>
  </testcase>
  <testcase classname="features.dataDrivenTest" name="Login users" time="0.263516">
    <system-out>Given url 'https://www.krafttechexlab.com/sw/api/v1/allusers/login' ....... passed
* form field email = 'KAlp8@krafttechexlab.com' ........................... passed
* form field password = '123467' .......................................... passed
When method POST .......................................................... passed
* status 200 .............................................................. passed
* print response .......................................................... passed
Given url 'https://www.krafttechexlab.com/sw/api/v1/allusers/login' ....... passed
* form field email = 'Ramanzi@test.com' ................................... passed
* form field password = 'Test123456' ...................................... passed
When method POST .......................................................... passed
* status 200 .............................................................. passed
* print response .......................................................... passed
Given url 'https://www.krafttechexlab.com/sw/api/v1/allusers/login' ....... passed
* form field email = 'user11@test.com' .................................... passed
* form field password = 'Test123456' ...................................... passed
When method POST .......................................................... passed
* status 200 .............................................................. passed
* print response .......................................................... passed
Given url 'https://www.krafttechexlab.com/sw/api/v1/allusers/login' ....... passed
* form field email = 'user22@test.com' .................................... passed
* form field password = 'Test123456' ...................................... passed
When method POST .......................................................... passed
* status 200 .............................................................. passed
* print response .......................................................... passed</system-out>
  </testcase>
  <testcase classname="features.dataDrivenTest" name="Login users" time="0.281975">
    <system-out>Given url 'https://www.krafttechexlab.com/sw/api/v1/allusers/login' ....... passed
* form field email = 'KAlp8@krafttechexlab.com' ........................... passed
* form field password = '123467' .......................................... passed
When method POST .......................................................... passed
* status 200 .............................................................. passed
* print response .......................................................... passed
Given url 'https://www.krafttechexlab.com/sw/api/v1/allusers/login' ....... passed
* form field email = 'Ramanzi@test.com' ................................... passed
* form field password = 'Test123456' ...................................... passed
When method POST .......................................................... passed
* status 200 .............................................................. passed
* print response .......................................................... passed
Given url 'https://www.krafttechexlab.com/sw/api/v1/allusers/login' ....... passed
* form field email = 'user11@test.com' .................................... passed
* form field password = 'Test123456' ...................................... passed
When method POST .......................................................... passed
* status 200 .............................................................. passed
* print response .......................................................... passed
Given url 'https://www.krafttechexlab.com/sw/api/v1/allusers/login' ....... passed
* form field email = 'user22@test.com' .................................... passed
* form field password = 'Test123456' ...................................... passed
When method POST .......................................................... passed
* status 200 .............................................................. passed
* print response .......................................................... passed
Given url 'https://www.krafttechexlab.com/sw/api/v1/allusers/login' ....... passed
* form field email = 'user33@test.com' .................................... passed
* form field password = 'Test123456' ...................................... passed
When method POST .......................................................... passed
* status 200 .............................................................. passed
* print response .......................................................... passed</system-out>
  </testcase>
  <testcase classname="features.dataDrivenTest" name="Login users" time="0.2257">
    <system-out>Given url 'https://www.krafttechexlab.com/sw/api/v1/allusers/login' ....... passed
* form field email = 'KAlp8@krafttechexlab.com' ........................... passed
* form field password = '123467' .......................................... passed
When method POST .......................................................... passed
* status 200 .............................................................. passed
* print response .......................................................... passed
Given url 'https://www.krafttechexlab.com/sw/api/v1/allusers/login' ....... passed
* form field email = 'Ramanzi@test.com' ................................... passed
* form field password = 'Test123456' ...................................... passed
When method POST .......................................................... passed
* status 200 .............................................................. passed
* print response .......................................................... passed
Given url 'https://www.krafttechexlab.com/sw/api/v1/allusers/login' ....... passed
* form field email = 'user11@test.com' .................................... passed
* form field password = 'Test123456' ...................................... passed
When method POST .......................................................... passed
* status 200 .............................................................. passed
* print response .......................................................... passed
Given url 'https://www.krafttechexlab.com/sw/api/v1/allusers/login' ....... passed
* form field email = 'user22@test.com' .................................... passed
* form field password = 'Test123456' ...................................... passed
When method POST .......................................................... passed
* status 200 .............................................................. passed
* print response .......................................................... passed
Given url 'https://www.krafttechexlab.com/sw/api/v1/allusers/login' ....... passed
* form field email = 'user33@test.com' .................................... passed
* form field password = 'Test123456' ...................................... passed
When method POST .......................................................... passed
* status 200 .............................................................. passed
* print response .......................................................... passed
Given url 'https://www.krafttechexlab.com/sw/api/v1/allusers/login' ....... passed
* form field email = 'user44@test.com' .................................... passed
* form field password = 'Test123456' ...................................... passed
When method POST .......................................................... passed
* status 200 .............................................................. passed
* print response .......................................................... passed</system-out>
  </testcase>
  <testcase classname="features.dataDrivenTest" name="Login users" time="0.214454">
    <system-out>Given url 'https://www.krafttechexlab.com/sw/api/v1/allusers/login' ....... passed
* form field email = 'KAlp8@krafttechexlab.com' ........................... passed
* form field password = '123467' .......................................... passed
When method POST .......................................................... passed
* status 200 .............................................................. passed
* print response .......................................................... passed
Given url 'https://www.krafttechexlab.com/sw/api/v1/allusers/login' ....... passed
* form field email = 'Ramanzi@test.com' ................................... passed
* form field password = 'Test123456' ...................................... passed
When method POST .......................................................... passed
* status 200 .............................................................. passed
* print response .......................................................... passed
Given url 'https://www.krafttechexlab.com/sw/api/v1/allusers/login' ....... passed
* form field email = 'user11@test.com' .................................... passed
* form field password = 'Test123456' ...................................... passed
When method POST .......................................................... passed
* status 200 .............................................................. passed
* print response .......................................................... passed
Given url 'https://www.krafttechexlab.com/sw/api/v1/allusers/login' ....... passed
* form field email = 'user22@test.com' .................................... passed
* form field password = 'Test123456' ...................................... passed
When method POST .......................................................... passed
* status 200 .............................................................. passed
* print response .......................................................... passed
Given url 'https://www.krafttechexlab.com/sw/api/v1/allusers/login' ....... passed
* form field email = 'user33@test.com' .................................... passed
* form field password = 'Test123456' ...................................... passed
When method POST .......................................................... passed
* status 200 .............................................................. passed
* print response .......................................................... passed
Given url 'https://www.krafttechexlab.com/sw/api/v1/allusers/login' ....... passed
* form field email = 'user44@test.com' .................................... passed
* form field password = 'Test123456' ...................................... passed
When method POST .......................................................... passed
* status 200 .............................................................. passed
* print response .......................................................... passed
Given url 'https://www.krafttechexlab.com/sw/api/v1/allusers/login' ....... passed
* form field email = 'user55@test.com' .................................... passed
* form field password = 'Test123456' ...................................... passed
When method POST .......................................................... passed
* status 200 .............................................................. passed
* print response .......................................................... passed</system-out>
  </testcase>
  <testcase classname="features.dataDrivenTest" name="Login users" time="0.210136">
    <system-out>Given url 'https://www.krafttechexlab.com/sw/api/v1/allusers/login' ....... passed
* form field email = 'KAlp8@krafttechexlab.com' ........................... passed
* form field password = '123467' .......................................... passed
When method POST .......................................................... passed
* status 200 .............................................................. passed
* print response .......................................................... passed
Given url 'https://www.krafttechexlab.com/sw/api/v1/allusers/login' ....... passed
* form field email = 'Ramanzi@test.com' ................................... passed
* form field password = 'Test123456' ...................................... passed
When method POST .......................................................... passed
* status 200 .............................................................. passed
* print response .......................................................... passed
Given url 'https://www.krafttechexlab.com/sw/api/v1/allusers/login' ....... passed
* form field email = 'user11@test.com' .................................... passed
* form field password = 'Test123456' ...................................... passed
When method POST .......................................................... passed
* status 200 .............................................................. passed
* print response .......................................................... passed
Given url 'https://www.krafttechexlab.com/sw/api/v1/allusers/login' ....... passed
* form field email = 'user22@test.com' .................................... passed
* form field password = 'Test123456' ...................................... passed
When method POST .......................................................... passed
* status 200 .............................................................. passed
* print response .......................................................... passed
Given url 'https://www.krafttechexlab.com/sw/api/v1/allusers/login' ....... passed
* form field email = 'user33@test.com' .................................... passed
* form field password = 'Test123456' ...................................... passed
When method POST .......................................................... passed
* status 200 .............................................................. passed
* print response .......................................................... passed
Given url 'https://www.krafttechexlab.com/sw/api/v1/allusers/login' ....... passed
* form field email = 'user44@test.com' .................................... passed
* form field password = 'Test123456' ...................................... passed
When method POST .......................................................... passed
* status 200 .............................................................. passed
* print response .......................................................... passed
Given url 'https://www.krafttechexlab.com/sw/api/v1/allusers/login' ....... passed
* form field email = 'user55@test.com' .................................... passed
* form field password = 'Test123456' ...................................... passed
When method POST .......................................................... passed
* status 200 .............................................................. passed
* print response .......................................................... passed
Given url 'https://www.krafttechexlab.com/sw/api/v1/allusers/login' ....... passed
* form field email = 'user66@test.com' .................................... passed
* form field password = 'Test123456' ...................................... passed
When method POST .......................................................... passed
* status 200 .............................................................. passed
* print response .......................................................... passed</system-out>
  </testcase>
  <testcase classname="features.dataDrivenTest" name="9" time="0.206698">
    <system-out>Given url 'https://www.krafttechexlab.com/sw/api/v1/allusers/login' ....... passed
* form field email = 'KAlp8@krafttechexlab.com' ........................... passed
* form field password = '123467' .......................................... passed
When method POST .......................................................... passed
* status 200 .............................................................. passed
* print response .......................................................... passed
Given url 'https://www.krafttechexlab.com/sw/api/v1/allusers/login' ....... passed
* form field email = 'Ramanzi@test.com' ................................... passed
* form field password = 'Test123456' ...................................... passed
When method POST .......................................................... passed
* status 200 .............................................................. passed
* print response .......................................................... passed
Given url 'https://www.krafttechexlab.com/sw/api/v1/allusers/login' ....... passed
* form field email = 'user11@test.com' .................................... passed
* form field password = 'Test123456' ...................................... passed
When method POST .......................................................... passed
* status 200 .............................................................. passed
* print response .......................................................... passed
Given url 'https://www.krafttechexlab.com/sw/api/v1/allusers/login' ....... passed
* form field email = 'user22@test.com' .................................... passed
* form field password = 'Test123456' ...................................... passed
When method POST .......................................................... passed
* status 200 .............................................................. passed
* print response .......................................................... passed
Given url 'https://www.krafttechexlab.com/sw/api/v1/allusers/login' ....... passed
* form field email = 'user33@test.com' .................................... passed
* form field password = 'Test123456' ...................................... passed
When method POST .......................................................... passed
* status 200 .............................................................. passed
* print response .......................................................... passed
Given url 'https://www.krafttechexlab.com/sw/api/v1/allusers/login' ....... passed
* form field email = 'user44@test.com' .................................... passed
* form field password = 'Test123456' ...................................... passed
When method POST .......................................................... passed
* status 200 .............................................................. passed
* print response .......................................................... passed
Given url 'https://www.krafttechexlab.com/sw/api/v1/allusers/login' ....... passed
* form field email = 'user55@test.com' .................................... passed
* form field password = 'Test123456' ...................................... passed
When method POST .......................................................... passed
* status 200 .............................................................. passed
* print response .......................................................... passed
Given url 'https://www.krafttechexlab.com/sw/api/v1/allusers/login' ....... passed
* form field email = 'user66@test.com' .................................... passed
* form field password = 'Test123456' ...................................... passed
When method POST .......................................................... passed
* status 200 .............................................................. passed
* print response .......................................................... passed
Given url 'https://www.krafttechexlab.com/sw/api/v1/allusers/login' ....... passed
* form field email = 'thomas@test.com' .................................... passed
* form field password = 'Test123456!' ..................................... passed
When method POST .......................................................... passed
* status 200 .............................................................. passed
* print response .......................................................... passed</system-out>
  </testcase>
  <testcase classname="features.dataDrivenTest" name="10" time="0.210751">
    <system-out>Given url 'https://www.krafttechexlab.com/sw/api/v1/allusers/login' ....... passed
* form field email = 'KAlp8@krafttechexlab.com' ........................... passed
* form field password = '123467' .......................................... passed
When method POST .......................................................... passed
* status 200 .............................................................. passed
* print response .......................................................... passed
Given url 'https://www.krafttechexlab.com/sw/api/v1/allusers/login' ....... passed
* form field email = 'Ramanzi@test.com' ................................... passed
* form field password = 'Test123456' ...................................... passed
When method POST .......................................................... passed
* status 200 .............................................................. passed
* print response .......................................................... passed
Given url 'https://www.krafttechexlab.com/sw/api/v1/allusers/login' ....... passed
* form field email = 'user11@test.com' .................................... passed
* form field password = 'Test123456' ...................................... passed
When method POST .......................................................... passed
* status 200 .............................................................. passed
* print response .......................................................... passed
Given url 'https://www.krafttechexlab.com/sw/api/v1/allusers/login' ....... passed
* form field email = 'user22@test.com' .................................... passed
* form field password = 'Test123456' ...................................... passed
When method POST .......................................................... passed
* status 200 .............................................................. passed
* print response .......................................................... passed
Given url 'https://www.krafttechexlab.com/sw/api/v1/allusers/login' ....... passed
* form field email = 'user33@test.com' .................................... passed
* form field password = 'Test123456' ...................................... passed
When method POST .......................................................... passed
* status 200 .............................................................. passed
* print response .......................................................... passed
Given url 'https://www.krafttechexlab.com/sw/api/v1/allusers/login' ....... passed
* form field email = 'user44@test.com' .................................... passed
* form field password = 'Test123456' ...................................... passed
When method POST .......................................................... passed
* status 200 .............................................................. passed
* print response .......................................................... passed
Given url 'https://www.krafttechexlab.com/sw/api/v1/allusers/login' ....... passed
* form field email = 'user55@test.com' .................................... passed
* form field password = 'Test123456' ...................................... passed
When method POST .......................................................... passed
* status 200 .............................................................. passed
* print response .......................................................... passed
Given url 'https://www.krafttechexlab.com/sw/api/v1/allusers/login' ....... passed
* form field email = 'user66@test.com' .................................... passed
* form field password = 'Test123456' ...................................... passed
When method POST .......................................................... passed
* status 200 .............................................................. passed
* print response .......................................................... passed
Given url 'https://www.krafttechexlab.com/sw/api/v1/allusers/login' ....... passed
* form field email = 'thomas@test.com' .................................... passed
* form field password = 'Test123456!' ..................................... passed
When method POST .......................................................... passed
* status 200 .............................................................. passed
* print response .......................................................... passed
Given url 'https://www.krafttechexlab.com/sw/api/v1/allusers/login' ....... passed
* form field email = 'Ramanzi@test.com' ................................... passed
* form field password = 'Test123456' ...................................... passed
When method POST .......................................................... passed
* status 200 .............................................................. passed
* print response .......................................................... passed</system-out>
  </testcase>
  <testcase classname="features.dataDrivenTest" name="11" time="0.210986">
    <system-out>Given url 'https://www.krafttechexlab.com/sw/api/v1/allusers/login' ....... passed
* form field email = 'KAlp8@krafttechexlab.com' ........................... passed
* form field password = '123467' .......................................... passed
When method POST .......................................................... passed
* status 200 .............................................................. passed
* print response .......................................................... passed
Given url 'https://www.krafttechexlab.com/sw/api/v1/allusers/login' ....... passed
* form field email = 'Ramanzi@test.com' ................................... passed
* form field password = 'Test123456' ...................................... passed
When method POST .......................................................... passed
* status 200 .............................................................. passed
* print response .......................................................... passed
Given url 'https://www.krafttechexlab.com/sw/api/v1/allusers/login' ....... passed
* form field email = 'user11@test.com' .................................... passed
* form field password = 'Test123456' ...................................... passed
When method POST .......................................................... passed
* status 200 .............................................................. passed
* print response .......................................................... passed
Given url 'https://www.krafttechexlab.com/sw/api/v1/allusers/login' ....... passed
* form field email = 'user22@test.com' .................................... passed
* form field password = 'Test123456' ...................................... passed
When method POST .......................................................... passed
* status 200 .............................................................. passed
* print response .......................................................... passed
Given url 'https://www.krafttechexlab.com/sw/api/v1/allusers/login' ....... passed
* form field email = 'user33@test.com' .................................... passed
* form field password = 'Test123456' ...................................... passed
When method POST .......................................................... passed
* status 200 .............................................................. passed
* print response .......................................................... passed
Given url 'https://www.krafttechexlab.com/sw/api/v1/allusers/login' ....... passed
* form field email = 'user44@test.com' .................................... passed
* form field password = 'Test123456' ...................................... passed
When method POST .......................................................... passed
* status 200 .............................................................. passed
* print response .......................................................... passed
Given url 'https://www.krafttechexlab.com/sw/api/v1/allusers/login' ....... passed
* form field email = 'user55@test.com' .................................... passed
* form field password = 'Test123456' ...................................... passed
When method POST .......................................................... passed
* status 200 .............................................................. passed
* print response .......................................................... passed
Given url 'https://www.krafttechexlab.com/sw/api/v1/allusers/login' ....... passed
* form field email = 'user66@test.com' .................................... passed
* form field password = 'Test123456' ...................................... passed
When method POST .......................................................... passed
* status 200 .............................................................. passed
* print response .......................................................... passed
Given url 'https://www.krafttechexlab.com/sw/api/v1/allusers/login' ....... passed
* form field email = 'thomas@test.com' .................................... passed
* form field password = 'Test123456!' ..................................... passed
When method POST .......................................................... passed
* status 200 .............................................................. passed
* print response .......................................................... passed
Given url 'https://www.krafttechexlab.com/sw/api/v1/allusers/login' ....... passed
* form field email = 'Ramanzi@test.com' ................................... passed
* form field password = 'Test123456' ...................................... passed
When method POST .......................................................... passed
* status 200 .............................................................. passed
* print response .......................................................... passed
Given url 'https://www.krafttechexlab.com/sw/api/v1/allusers/login' ....... passed
* form field email = 'user11@test.com' .................................... passed
* form field password = 'Test123456' ...................................... passed
When method POST .......................................................... passed
* status 200 .............................................................. passed
* print response .......................................................... passed</system-out>
  </testcase>
  <testcase classname="features.dataDrivenTest" name="12" time="1.213786">
    <system-out>Given url 'https://www.krafttechexlab.com/sw/api/v1/allusers/login' ....... passed
* form field email = 'KAlp8@krafttechexlab.com' ........................... passed
* form field password = '123467' .......................................... passed
When method POST .......................................................... passed
* status 200 .............................................................. passed
* print response .......................................................... passed
Given url 'https://www.krafttechexlab.com/sw/api/v1/allusers/login' ....... passed
* form field email = 'Ramanzi@test.com' ................................... passed
* form field password = 'Test123456' ...................................... passed
When method POST .......................................................... passed
* status 200 .............................................................. passed
* print response .......................................................... passed
Given url 'https://www.krafttechexlab.com/sw/api/v1/allusers/login' ....... passed
* form field email = 'user11@test.com' .................................... passed
* form field password = 'Test123456' ...................................... passed
When method POST .......................................................... passed
* status 200 .............................................................. passed
* print response .......................................................... passed
Given url 'https://www.krafttechexlab.com/sw/api/v1/allusers/login' ....... passed
* form field email = 'user22@test.com' .................................... passed
* form field password = 'Test123456' ...................................... passed
When method POST .......................................................... passed
* status 200 .............................................................. passed
* print response .......................................................... passed
Given url 'https://www.krafttechexlab.com/sw/api/v1/allusers/login' ....... passed
* form field email = 'user33@test.com' .................................... passed
* form field password = 'Test123456' ...................................... passed
When method POST .......................................................... passed
* status 200 .............................................................. passed
* print response .......................................................... passed
Given url 'https://www.krafttechexlab.com/sw/api/v1/allusers/login' ....... passed
* form field email = 'user44@test.com' .................................... passed
* form field password = 'Test123456' ...................................... passed
When method POST .......................................................... passed
* status 200 .............................................................. passed
* print response .......................................................... passed
Given url 'https://www.krafttechexlab.com/sw/api/v1/allusers/login' ....... passed
* form field email = 'user55@test.com' .................................... passed
* form field password = 'Test123456' ...................................... passed
When method POST .......................................................... passed
* status 200 .............................................................. passed
* print response .......................................................... passed
Given url 'https://www.krafttechexlab.com/sw/api/v1/allusers/login' ....... passed
* form field email = 'user66@test.com' .................................... passed
* form field password = 'Test123456' ...................................... passed
When method POST .......................................................... passed
* status 200 .............................................................. passed
* print response .......................................................... passed
Given url 'https://www.krafttechexlab.com/sw/api/v1/allusers/login' ....... passed
* form field email = 'thomas@test.com' .................................... passed
* form field password = 'Test123456!' ..................................... passed
When method POST .......................................................... passed
* status 200 .............................................................. passed
* print response .......................................................... passed
Given url 'https://www.krafttechexlab.com/sw/api/v1/allusers/login' ....... passed
* form field email = 'Ramanzi@test.com' ................................... passed
* form field password = 'Test123456' ...................................... passed
When method POST .......................................................... passed
* status 200 .............................................................. passed
* print response .......................................................... passed
Given url 'https://www.krafttechexlab.com/sw/api/v1/allusers/login' ....... passed
* form field email = 'user11@test.com' .................................... passed
* form field password = 'Test123456' ...................................... passed
When method POST .......................................................... passed
* status 200 .............................................................. passed
* print response .......................................................... passed
Given url 'https://www.krafttechexlab.com/sw/api/v1/allusers/login' ....... passed
* form field email = 'user22@test.com' .................................... passed
* form field password = 'Test123456' ...................................... passed
When method POST .......................................................... passed
* status 200 .............................................................. passed
* print response .......................................................... passed</system-out>
  </testcase>
  <testcase classname="features.dataDrivenTest" name="13" time="0.225741">
    <system-out>Given url 'https://www.krafttechexlab.com/sw/api/v1/allusers/login' ....... passed
* form field email = 'KAlp8@krafttechexlab.com' ........................... passed
* form field password = '123467' .......................................... passed
When method POST .......................................................... passed
* status 200 .............................................................. passed
* print response .......................................................... passed
Given url 'https://www.krafttechexlab.com/sw/api/v1/allusers/login' ....... passed
* form field email = 'Ramanzi@test.com' ................................... passed
* form field password = 'Test123456' ...................................... passed
When method POST .......................................................... passed
* status 200 .............................................................. passed
* print response .......................................................... passed
Given url 'https://www.krafttechexlab.com/sw/api/v1/allusers/login' ....... passed
* form field email = 'user11@test.com' .................................... passed
* form field password = 'Test123456' ...................................... passed
When method POST .......................................................... passed
* status 200 .............................................................. passed
* print response .......................................................... passed
Given url 'https://www.krafttechexlab.com/sw/api/v1/allusers/login' ....... passed
* form field email = 'user22@test.com' .................................... passed
* form field password = 'Test123456' ...................................... passed
When method POST .......................................................... passed
* status 200 .............................................................. passed
* print response .......................................................... passed
Given url 'https://www.krafttechexlab.com/sw/api/v1/allusers/login' ....... passed
* form field email = 'user33@test.com' .................................... passed
* form field password = 'Test123456' ...................................... passed
When method POST .......................................................... passed
* status 200 .............................................................. passed
* print response .......................................................... passed
Given url 'https://www.krafttechexlab.com/sw/api/v1/allusers/login' ....... passed
* form field email = 'user44@test.com' .................................... passed
* form field password = 'Test123456' ...................................... passed
When method POST .......................................................... passed
* status 200 .............................................................. passed
* print response .......................................................... passed
Given url 'https://www.krafttechexlab.com/sw/api/v1/allusers/login' ....... passed
* form field email = 'user55@test.com' .................................... passed
* form field password = 'Test123456' ...................................... passed
When method POST .......................................................... passed
* status 200 .............................................................. passed
* print response .......................................................... passed
Given url 'https://www.krafttechexlab.com/sw/api/v1/allusers/login' ....... passed
* form field email = 'user66@test.com' .................................... passed
* form field password = 'Test123456' ...................................... passed
When method POST .......................................................... passed
* status 200 .............................................................. passed
* print response .......................................................... passed
Given url 'https://www.krafttechexlab.com/sw/api/v1/allusers/login' ....... passed
* form field email = 'thomas@test.com' .................................... passed
* form field password = 'Test123456!' ..................................... passed
When method POST .......................................................... passed
* status 200 .............................................................. passed
* print response .......................................................... passed
Given url 'https://www.krafttechexlab.com/sw/api/v1/allusers/login' ....... passed
* form field email = 'Ramanzi@test.com' ................................... passed
* form field password = 'Test123456' ...................................... passed
When method POST .......................................................... passed
* status 200 .............................................................. passed
* print response .......................................................... passed
Given url 'https://www.krafttechexlab.com/sw/api/v1/allusers/login' ....... passed
* form field email = 'user11@test.com' .................................... passed
* form field password = 'Test123456' ...................................... passed
When method POST .......................................................... passed
* status 200 .............................................................. passed
* print response .......................................................... passed
Given url 'https://www.krafttechexlab.com/sw/api/v1/allusers/login' ....... passed
* form field email = 'user22@test.com' .................................... passed
* form field password = 'Test123456' ...................................... passed
When method POST .......................................................... passed
* status 200 .............................................................. passed
* print response .......................................................... passed
Given url 'https://www.krafttechexlab.com/sw/api/v1/allusers/login' ....... passed
* form field email = 'user33@test.com' .................................... passed
* form field password = 'Test123456' ...................................... passed
When method POST .......................................................... passed
* status 200 .............................................................. passed
* print response .......................................................... passed</system-out>
  </testcase>
  <testcase classname="features.dataDrivenTest" name="14" time="0.234054">
    <system-out>Given url 'https://www.krafttechexlab.com/sw/api/v1/allusers/login' ....... passed
* form field email = 'KAlp8@krafttechexlab.com' ........................... passed
* form field password = '123467' .......................................... passed
When method POST .......................................................... passed
* status 200 .............................................................. passed
* print response .......................................................... passed
Given url 'https://www.krafttechexlab.com/sw/api/v1/allusers/login' ....... passed
* form field email = 'Ramanzi@test.com' ................................... passed
* form field password = 'Test123456' ...................................... passed
When method POST .......................................................... passed
* status 200 .............................................................. passed
* print response .......................................................... passed
Given url 'https://www.krafttechexlab.com/sw/api/v1/allusers/login' ....... passed
* form field email = 'user11@test.com' .................................... passed
* form field password = 'Test123456' ...................................... passed
When method POST .......................................................... passed
* status 200 .............................................................. passed
* print response .......................................................... passed
Given url 'https://www.krafttechexlab.com/sw/api/v1/allusers/login' ....... passed
* form field email = 'user22@test.com' .................................... passed
* form field password = 'Test123456' ...................................... passed
When method POST .......................................................... passed
* status 200 .............................................................. passed
* print response .......................................................... passed
Given url 'https://www.krafttechexlab.com/sw/api/v1/allusers/login' ....... passed
* form field email = 'user33@test.com' .................................... passed
* form field password = 'Test123456' ...................................... passed
When method POST .......................................................... passed
* status 200 .............................................................. passed
* print response .......................................................... passed
Given url 'https://www.krafttechexlab.com/sw/api/v1/allusers/login' ....... passed
* form field email = 'user44@test.com' .................................... passed
* form field password = 'Test123456' ...................................... passed
When method POST .......................................................... passed
* status 200 .............................................................. passed
* print response .......................................................... passed
Given url 'https://www.krafttechexlab.com/sw/api/v1/allusers/login' ....... passed
* form field email = 'user55@test.com' .................................... passed
* form field password = 'Test123456' ...................................... passed
When method POST .......................................................... passed
* status 200 .............................................................. passed
* print response .......................................................... passed
Given url 'https://www.krafttechexlab.com/sw/api/v1/allusers/login' ....... passed
* form field email = 'user66@test.com' .................................... passed
* form field password = 'Test123456' ...................................... passed
When method POST .......................................................... passed
* status 200 .............................................................. passed
* print response .......................................................... passed
Given url 'https://www.krafttechexlab.com/sw/api/v1/allusers/login' ....... passed
* form field email = 'thomas@test.com' .................................... passed
* form field password = 'Test123456!' ..................................... passed
When method POST .......................................................... passed
* status 200 .............................................................. passed
* print response .......................................................... passed
Given url 'https://www.krafttechexlab.com/sw/api/v1/allusers/login' ....... passed
* form field email = 'Ramanzi@test.com' ................................... passed
* form field password = 'Test123456' ...................................... passed
When method POST .......................................................... passed
* status 200 .............................................................. passed
* print response .......................................................... passed
Given url 'https://www.krafttechexlab.com/sw/api/v1/allusers/login' ....... passed
* form field email = 'user11@test.com' .................................... passed
* form field password = 'Test123456' ...................................... passed
When method POST .......................................................... passed
* status 200 .............................................................. passed
* print response .......................................................... passed
Given url 'https://www.krafttechexlab.com/sw/api/v1/allusers/login' ....... passed
* form field email = 'user22@test.com' .................................... passed
* form field password = 'Test123456' ...................................... passed
When method POST .......................................................... passed
* status 200 .............................................................. passed
* print response .......................................................... passed
Given url 'https://www.krafttechexlab.com/sw/api/v1/allusers/login' ....... passed
* form field email = 'user33@test.com' .................................... passed
* form field password = 'Test123456' ...................................... passed
When method POST .......................................................... passed
* status 200 .............................................................. passed
* print response .......................................................... passed
Given url 'https://www.krafttechexlab.com/sw/api/v1/allusers/login' ....... passed
* form field email = 'user44@test.com' .................................... passed
* form field password = 'Test123456' ...................................... passed
When method POST .......................................................... passed
* status 200 .............................................................. passed
* print response .......................................................... passed</system-out>
  </testcase>
  <testcase classname="features.dataDrivenTest" name="15" time="0.28155">
    <system-out>Given url 'https://www.krafttechexlab.com/sw/api/v1/allusers/login' ....... passed
* form field email = 'KAlp8@krafttechexlab.com' ........................... passed
* form field password = '123467' .......................................... passed
When method POST .......................................................... passed
* status 200 .............................................................. passed
* print response .......................................................... passed
Given url 'https://www.krafttechexlab.com/sw/api/v1/allusers/login' ....... passed
* form field email = 'Ramanzi@test.com' ................................... passed
* form field password = 'Test123456' ...................................... passed
When method POST .......................................................... passed
* status 200 .............................................................. passed
* print response .......................................................... passed
Given url 'https://www.krafttechexlab.com/sw/api/v1/allusers/login' ....... passed
* form field email = 'user11@test.com' .................................... passed
* form field password = 'Test123456' ...................................... passed
When method POST .......................................................... passed
* status 200 .............................................................. passed
* print response .......................................................... passed
Given url 'https://www.krafttechexlab.com/sw/api/v1/allusers/login' ....... passed
* form field email = 'user22@test.com' .................................... passed
* form field password = 'Test123456' ...................................... passed
When method POST .......................................................... passed
* status 200 .............................................................. passed
* print response .......................................................... passed
Given url 'https://www.krafttechexlab.com/sw/api/v1/allusers/login' ....... passed
* form field email = 'user33@test.com' .................................... passed
* form field password = 'Test123456' ...................................... passed
When method POST .......................................................... passed
* status 200 .............................................................. passed
* print response .......................................................... passed
Given url 'https://www.krafttechexlab.com/sw/api/v1/allusers/login' ....... passed
* form field email = 'user44@test.com' .................................... passed
* form field password = 'Test123456' ...................................... passed
When method POST .......................................................... passed
* status 200 .............................................................. passed
* print response .......................................................... passed
Given url 'https://www.krafttechexlab.com/sw/api/v1/allusers/login' ....... passed
* form field email = 'user55@test.com' .................................... passed
* form field password = 'Test123456' ...................................... passed
When method POST .......................................................... passed
* status 200 .............................................................. passed
* print response .......................................................... passed
Given url 'https://www.krafttechexlab.com/sw/api/v1/allusers/login' ....... passed
* form field email = 'user66@test.com' .................................... passed
* form field password = 'Test123456' ...................................... passed
When method POST .......................................................... passed
* status 200 .............................................................. passed
* print response .......................................................... passed
Given url 'https://www.krafttechexlab.com/sw/api/v1/allusers/login' ....... passed
* form field email = 'thomas@test.com' .................................... passed
* form field password = 'Test123456!' ..................................... passed
When method POST .......................................................... passed
* status 200 .............................................................. passed
* print response .......................................................... passed
Given url 'https://www.krafttechexlab.com/sw/api/v1/allusers/login' ....... passed
* form field email = 'Ramanzi@test.com' ................................... passed
* form field password = 'Test123456' ...................................... passed
When method POST .......................................................... passed
* status 200 .............................................................. passed
* print response .......................................................... passed
Given url 'https://www.krafttechexlab.com/sw/api/v1/allusers/login' ....... passed
* form field email = 'user11@test.com' .................................... passed
* form field password = 'Test123456' ...................................... passed
When method POST .......................................................... passed
* status 200 .............................................................. passed
* print response .......................................................... passed
Given url 'https://www.krafttechexlab.com/sw/api/v1/allusers/login' ....... passed
* form field email = 'user22@test.com' .................................... passed
* form field password = 'Test123456' ...................................... passed
When method POST .......................................................... passed
* status 200 .............................................................. passed
* print response .......................................................... passed
Given url 'https://www.krafttechexlab.com/sw/api/v1/allusers/login' ....... passed
* form field email = 'user33@test.com' .................................... passed
* form field password = 'Test123456' ...................................... passed
When method POST .......................................................... passed
* status 200 .............................................................. passed
* print response .......................................................... passed
Given url 'https://www.krafttechexlab.com/sw/api/v1/allusers/login' ....... passed
* form field email = 'user44@test.com' .................................... passed
* form field password = 'Test123456' ...................................... passed
When method POST .......................................................... passed
* status 200 .............................................................. passed
* print response .......................................................... passed
Given url 'https://www.krafttechexlab.com/sw/api/v1/allusers/login' ....... passed
* form field email = 'user55@test.com' .................................... passed
* form field password = 'Test123456' ...................................... passed
When method POST .......................................................... passed
* status 200 .............................................................. passed
* print response .......................................................... passed</system-out>
  </testcase>
  <testcase classname="features.dataDrivenTest" name="16" time="0.301292">
    <system-out>Given url 'https://www.krafttechexlab.com/sw/api/v1/allusers/login' ....... passed
* form field email = 'KAlp8@krafttechexlab.com' ........................... passed
* form field password = '123467' .......................................... passed
When method POST .......................................................... passed
* status 200 .............................................................. passed
* print response .......................................................... passed
Given url 'https://www.krafttechexlab.com/sw/api/v1/allusers/login' ....... passed
* form field email = 'Ramanzi@test.com' ................................... passed
* form field password = 'Test123456' ...................................... passed
When method POST .......................................................... passed
* status 200 .............................................................. passed
* print response .......................................................... passed
Given url 'https://www.krafttechexlab.com/sw/api/v1/allusers/login' ....... passed
* form field email = 'user11@test.com' .................................... passed
* form field password = 'Test123456' ...................................... passed
When method POST .......................................................... passed
* status 200 .............................................................. passed
* print response .......................................................... passed
Given url 'https://www.krafttechexlab.com/sw/api/v1/allusers/login' ....... passed
* form field email = 'user22@test.com' .................................... passed
* form field password = 'Test123456' ...................................... passed
When method POST .......................................................... passed
* status 200 .............................................................. passed
* print response .......................................................... passed
Given url 'https://www.krafttechexlab.com/sw/api/v1/allusers/login' ....... passed
* form field email = 'user33@test.com' .................................... passed
* form field password = 'Test123456' ...................................... passed
When method POST .......................................................... passed
* status 200 .............................................................. passed
* print response .......................................................... passed
Given url 'https://www.krafttechexlab.com/sw/api/v1/allusers/login' ....... passed
* form field email = 'user44@test.com' .................................... passed
* form field password = 'Test123456' ...................................... passed
When method POST .......................................................... passed
* status 200 .............................................................. passed
* print response .......................................................... passed
Given url 'https://www.krafttechexlab.com/sw/api/v1/allusers/login' ....... passed
* form field email = 'user55@test.com' .................................... passed
* form field password = 'Test123456' ...................................... passed
When method POST .......................................................... passed
* status 200 .............................................................. passed
* print response .......................................................... passed
Given url 'https://www.krafttechexlab.com/sw/api/v1/allusers/login' ....... passed
* form field email = 'user66@test.com' .................................... passed
* form field password = 'Test123456' ...................................... passed
When method POST .......................................................... passed
* status 200 .............................................................. passed
* print response .......................................................... passed
Given url 'https://www.krafttechexlab.com/sw/api/v1/allusers/login' ....... passed
* form field email = 'thomas@test.com' .................................... passed
* form field password = 'Test123456!' ..................................... passed
When method POST .......................................................... passed
* status 200 .............................................................. passed
* print response .......................................................... passed
Given url 'https://www.krafttechexlab.com/sw/api/v1/allusers/login' ....... passed
* form field email = 'Ramanzi@test.com' ................................... passed
* form field password = 'Test123456' ...................................... passed
When method POST .......................................................... passed
* status 200 .............................................................. passed
* print response .......................................................... passed
Given url 'https://www.krafttechexlab.com/sw/api/v1/allusers/login' ....... passed
* form field email = 'user11@test.com' .................................... passed
* form field password = 'Test123456' ...................................... passed
When method POST .......................................................... passed
* status 200 .............................................................. passed
* print response .......................................................... passed
Given url 'https://www.krafttechexlab.com/sw/api/v1/allusers/login' ....... passed
* form field email = 'user22@test.com' .................................... passed
* form field password = 'Test123456' ...................................... passed
When method POST .......................................................... passed
* status 200 .............................................................. passed
* print response .......................................................... passed
Given url 'https://www.krafttechexlab.com/sw/api/v1/allusers/login' ....... passed
* form field email = 'user33@test.com' .................................... passed
* form field password = 'Test123456' ...................................... passed
When method POST .......................................................... passed
* status 200 .............................................................. passed
* print response .......................................................... passed
Given url 'https://www.krafttechexlab.com/sw/api/v1/allusers/login' ....... passed
* form field email = 'user44@test.com' .................................... passed
* form field password = 'Test123456' ...................................... passed
When method POST .......................................................... passed
* status 200 .............................................................. passed
* print response .......................................................... passed
Given url 'https://www.krafttechexlab.com/sw/api/v1/allusers/login' ....... passed
* form field email = 'user55@test.com' .................................... passed
* form field password = 'Test123456' ...................................... passed
When method POST .......................................................... passed
* status 200 .............................................................. passed
* print response .......................................................... passed
Given url 'https://www.krafttechexlab.com/sw/api/v1/allusers/login' ....... passed
* form field email = 'user66@test.com' .................................... passed
* form field password = 'Test123456' ...................................... passed
When method POST .......................................................... passed
* status 200 .............................................................. passed
* print response .......................................................... passed</system-out>
  </testcase>
</testsuite>
