<testsuite failures="0" name="features/dataDrivenTest.feature" skipped="0" tests="16" time="10.009106">
  <testcase classname="features.dataDrivenTest" name="Login users" time="1.447798">
    <system-out>Given url 'https://www.krafttechexlab.com/sw/api/v1/allusers/login' ....... passed
* form field email = 'KAlp8@krafttechexlab.com' ........................... passed
* form field password = '123467' .......................................... passed
When method POST .......................................................... passed
* status 200 .............................................................. passed
* print response .......................................................... passed</system-out>
  </testcase>
  <testcase classname="features.dataDrivenTest" name="Login users" time="1.319715">
    <system-out>Given url 'https://www.krafttechexlab.com/sw/api/v1/allusers/login' ....... passed
* form field email = 'KAlp8@krafttechexlab.com' ........................... passed
* form field password = '123467' .......................................... passed
When method POST .......................................................... passed
* status 200 .............................................................. passed
* print response .......................................................... passed
Given url 'https://www.krafttechexlab.com/sw/api/v1/allusers/login' ....... passed
* form field email = 'Ramanzi@test.com' ................................... passed
* form field password = 'Test123456' ...................................... passed
When method POST .......................................................... passed
* status 200 .............................................................. passed
* print response .......................................................... passed</system-out>
  </testcase>
  <testcase classname="features.dataDrivenTest" name="Login users" time="1.30558">
    <system-out>Given url 'https://www.krafttechexlab.com/sw/api/v1/allusers/login' ....... passed
* form field email = 'KAlp8@krafttechexlab.com' ........................... passed
* form field password = '123467' .......................................... passed
When method POST .......................................................... passed
* status 200 .............................................................. passed
* print response .......................................................... passed
Given url 'https://www.krafttechexlab.com/sw/api/v1/allusers/login' ....... passed
* form field email = 'Ramanzi@test.com' ................................... passed
* form field password = 'Test123456' ...................................... passed
When method POST .......................................................... passed
* status 200 .............................................................. passed
* print response .......................................................... passed
Given url 'https://www.krafttechexlab.com/sw/api/v1/allusers/login' ....... passed
* form field email = 'user11@test.com' .................................... passed
* form field password = 'Test123456' ...................................... passed
When method POST .......................................................... passed
* status 200 .............................................................. passed
* print response .......................................................... passed</system-out>
  </testcase>
  <testcase classname="features.dataDrivenTest" name="Login users" time="0.283478">
    <system-out>Given url 'https://www.krafttechexlab.com/sw/api/v1/allusers/login' ....... passed
* form field email = 'KAlp8@krafttechexlab.com' ........................... passed
* form field password = '123467' .......................................... passed
When method POST .......................................................... passed
* status 200 .............................................................. passed
* print response .......................................................... passed
Given url 'https://www.krafttechexlab.com/sw/api/v1/allusers/login' ....... passed
* form field email = 'Ramanzi@test.com' ................................... passed
* form field password = 'Test123456' ...................................... passed
When method POST .......................................................... passed
* status 200 .............................................................. passed
* print response .......................................................... passed
Given url 'https://www.krafttechexlab.com/sw/api/v1/allusers/login' ....... passed
* form field email = 'user11@test.com' .................................... passed
* form field password = 'Test123456' ...................................... passed
When method POST .......................................................... passed
* status 200 .............................................................. passed
* print response .......................................................... passed
Given url 'https://www.krafttechexlab.com/sw/api/v1/allusers/login' ....... passed
* form field email = 'user22@test.com' .................................... passed
* form field password = 'Test123456' ...................................... passed
When method POST .......................................................... passed
* status 200 .............................................................. passed
* print response .......................................................... passed</system-out>
  </testcase>
  <testcase classname="features.dataDrivenTest" name="Login users" time="0.316694">
    <system-out>Given url 'https://www.krafttechexlab.com/sw/api/v1/allusers/login' ....... passed
* form field email = 'KAlp8@krafttechexlab.com' ........................... passed
* form field password = '123467' .......................................... passed
When method POST .......................................................... passed
* status 200 .............................................................. passed
* print response .......................................................... passed
Given url 'https://www.krafttechexlab.com/sw/api/v1/allusers/login' ....... passed
* form field email = 'Ramanzi@test.com' ................................... passed
* form field password = 'Test123456' ...................................... passed
When method POST .......................................................... passed
* status 200 .............................................................. passed
* print response .......................................................... passed
Given url 'https://www.krafttechexlab.com/sw/api/v1/allusers/login' ....... passed
* form field email = 'user11@test.com' .................................... passed
* form field password = 'Test123456' ...................................... passed
When method POST .......................................................... passed
* status 200 .............................................................. passed
* print response .......................................................... passed
Given url 'https://www.krafttechexlab.com/sw/api/v1/allusers/login' ....... passed
* form field email = 'user22@test.com' .................................... passed
* form field password = 'Test123456' ...................................... passed
When method POST .......................................................... passed
* status 200 .............................................................. passed
* print response .......................................................... passed
Given url 'https://www.krafttechexlab.com/sw/api/v1/allusers/login' ....... passed
* form field email = 'user33@test.com' .................................... passed
* form field password = 'Test123456' ...................................... passed
When method POST .......................................................... passed
* status 200 .............................................................. passed
* print response .......................................................... passed</system-out>
  </testcase>
  <testcase classname="features.dataDrivenTest" name="Login users" time="0.311743">
    <system-out>Given url 'https://www.krafttechexlab.com/sw/api/v1/allusers/login' ....... passed
* form field email = 'KAlp8@krafttechexlab.com' ........................... passed
* form field password = '123467' .......................................... passed
When method POST .......................................................... passed
* status 200 .............................................................. passed
* print response .......................................................... passed
Given url 'https://www.krafttechexlab.com/sw/api/v1/allusers/login' ....... passed
* form field email = 'Ramanzi@test.com' ................................... passed
* form field password = 'Test123456' ...................................... passed
When method POST .......................................................... passed
* status 200 .............................................................. passed
* print response .......................................................... passed
Given url 'https://www.krafttechexlab.com/sw/api/v1/allusers/login' ....... passed
* form field email = 'user11@test.com' .................................... passed
* form field password = 'Test123456' ...................................... passed
When method POST .......................................................... passed
* status 200 .............................................................. passed
* print response .......................................................... passed
Given url 'https://www.krafttechexlab.com/sw/api/v1/allusers/login' ....... passed
* form field email = 'user22@test.com' .................................... passed
* form field password = 'Test123456' ...................................... passed
When method POST .......................................................... passed
* status 200 .............................................................. passed
* print response .......................................................... passed
Given url 'https://www.krafttechexlab.com/sw/api/v1/allusers/login' ....... passed
* form field email = 'user33@test.com' .................................... passed
* form field password = 'Test123456' ...................................... passed
When method POST .......................................................... passed
* status 200 .............................................................. passed
* print response .......................................................... passed
Given url 'https://www.krafttechexlab.com/sw/api/v1/allusers/login' ....... passed
* form field email = 'user44@test.com' .................................... passed
* form field password = 'Test123456' ...................................... passed
When method POST .......................................................... passed
* status 200 .............................................................. passed
* print response .......................................................... passed</system-out>
  </testcase>
  <testcase classname="features.dataDrivenTest" name="Login users" time="0.307164">
    <system-out>Given url 'https://www.krafttechexlab.com/sw/api/v1/allusers/login' ....... passed
* form field email = 'KAlp8@krafttechexlab.com' ........................... passed
* form field password = '123467' .......................................... passed
When method POST .......................................................... passed
* status 200 .............................................................. passed
* print response .......................................................... passed
Given url 'https://www.krafttechexlab.com/sw/api/v1/allusers/login' ....... passed
* form field email = 'Ramanzi@test.com' ................................... passed
* form field password = 'Test123456' ...................................... passed
When method POST .......................................................... passed
* status 200 .............................................................. passed
* print response .......................................................... passed
Given url 'https://www.krafttechexlab.com/sw/api/v1/allusers/login' ....... passed
* form field email = 'user11@test.com' .................................... passed
* form field password = 'Test123456' ...................................... passed
When method POST .......................................................... passed
* status 200 .............................................................. passed
* print response .......................................................... passed
Given url 'https://www.krafttechexlab.com/sw/api/v1/allusers/login' ....... passed
* form field email = 'user22@test.com' .................................... passed
* form field password = 'Test123456' ...................................... passed
When method POST .......................................................... passed
* status 200 .............................................................. passed
* print response .......................................................... passed
Given url 'https://www.krafttechexlab.com/sw/api/v1/allusers/login' ....... passed
* form field email = 'user33@test.com' .................................... passed
* form field password = 'Test123456' ...................................... passed
When method POST .......................................................... passed
* status 200 .............................................................. passed
* print response .......................................................... passed
Given url 'https://www.krafttechexlab.com/sw/api/v1/allusers/login' ....... passed
* form field email = 'user44@test.com' .................................... passed
* form field password = 'Test123456' ...................................... passed
When method POST .......................................................... passed
* status 200 .............................................................. passed
* print response .......................................................... passed
Given url 'https://www.krafttechexlab.com/sw/api/v1/allusers/login' ....... passed
* form field email = 'user55@test.com' .................................... passed
* form field password = 'Test123456' ...................................... passed
When method POST .......................................................... passed
* status 200 .............................................................. passed
* print response .......................................................... passed</system-out>
  </testcase>
  <testcase classname="features.dataDrivenTest" name="Login users" time="0.302208">
    <system-out>Given url 'https://www.krafttechexlab.com/sw/api/v1/allusers/login' ....... passed
* form field email = 'KAlp8@krafttechexlab.com' ........................... passed
* form field password = '123467' .......................................... passed
When method POST .......................................................... passed
* status 200 .............................................................. passed
* print response .......................................................... passed
Given url 'https://www.krafttechexlab.com/sw/api/v1/allusers/login' ....... passed
* form field email = 'Ramanzi@test.com' ................................... passed
* form field password = 'Test123456' ...................................... passed
When method POST .......................................................... passed
* status 200 .............................................................. passed
* print response .......................................................... passed
Given url 'https://www.krafttechexlab.com/sw/api/v1/allusers/login' ....... passed
* form field email = 'user11@test.com' .................................... passed
* form field password = 'Test123456' ...................................... passed
When method POST .......................................................... passed
* status 200 .............................................................. passed
* print response .......................................................... passed
Given url 'https://www.krafttechexlab.com/sw/api/v1/allusers/login' ....... passed
* form field email = 'user22@test.com' .................................... passed
* form field password = 'Test123456' ...................................... passed
When method POST .......................................................... passed
* status 200 .............................................................. passed
* print response .......................................................... passed
Given url 'https://www.krafttechexlab.com/sw/api/v1/allusers/login' ....... passed
* form field email = 'user33@test.com' .................................... passed
* form field password = 'Test123456' ...................................... passed
When method POST .......................................................... passed
* status 200 .............................................................. passed
* print response .......................................................... passed
Given url 'https://www.krafttechexlab.com/sw/api/v1/allusers/login' ....... passed
* form field email = 'user44@test.com' .................................... passed
* form field password = 'Test123456' ...................................... passed
When method POST .......................................................... passed
* status 200 .............................................................. passed
* print response .......................................................... passed
Given url 'https://www.krafttechexlab.com/sw/api/v1/allusers/login' ....... passed
* form field email = 'user55@test.com' .................................... passed
* form field password = 'Test123456' ...................................... passed
When method POST .......................................................... passed
* status 200 .............................................................. passed
* print response .......................................................... passed
Given url 'https://www.krafttechexlab.com/sw/api/v1/allusers/login' ....... passed
* form field email = 'user66@test.com' .................................... passed
* form field password = 'Test123456' ...................................... passed
When method POST .......................................................... passed
* status 200 .............................................................. passed
* print response .......................................................... passed</system-out>
  </testcase>
  <testcase classname="features.dataDrivenTest" name="9" time="1.327016">
    <system-out>Given url 'https://www.krafttechexlab.com/sw/api/v1/allusers/login' ....... passed
* form field email = 'KAlp8@krafttechexlab.com' ........................... passed
* form field password = '123467' .......................................... passed
When method POST .......................................................... passed
* status 200 .............................................................. passed
* print response .......................................................... passed
Given url 'https://www.krafttechexlab.com/sw/api/v1/allusers/login' ....... passed
* form field email = 'Ramanzi@test.com' ................................... passed
* form field password = 'Test123456' ...................................... passed
When method POST .......................................................... passed
* status 200 .............................................................. passed
* print response .......................................................... passed
Given url 'https://www.krafttechexlab.com/sw/api/v1/allusers/login' ....... passed
* form field email = 'user11@test.com' .................................... passed
* form field password = 'Test123456' ...................................... passed
When method POST .......................................................... passed
* status 200 .............................................................. passed
* print response .......................................................... passed
Given url 'https://www.krafttechexlab.com/sw/api/v1/allusers/login' ....... passed
* form field email = 'user22@test.com' .................................... passed
* form field password = 'Test123456' ...................................... passed
When method POST .......................................................... passed
* status 200 .............................................................. passed
* print response .......................................................... passed
Given url 'https://www.krafttechexlab.com/sw/api/v1/allusers/login' ....... passed
* form field email = 'user33@test.com' .................................... passed
* form field password = 'Test123456' ...................................... passed
When method POST .......................................................... passed
* status 200 .............................................................. passed
* print response .......................................................... passed
Given url 'https://www.krafttechexlab.com/sw/api/v1/allusers/login' ....... passed
* form field email = 'user44@test.com' .................................... passed
* form field password = 'Test123456' ...................................... passed
When method POST .......................................................... passed
* status 200 .............................................................. passed
* print response .......................................................... passed
Given url 'https://www.krafttechexlab.com/sw/api/v1/allusers/login' ....... passed
* form field email = 'user55@test.com' .................................... passed
* form field password = 'Test123456' ...................................... passed
When method POST .......................................................... passed
* status 200 .............................................................. passed
* print response .......................................................... passed
Given url 'https://www.krafttechexlab.com/sw/api/v1/allusers/login' ....... passed
* form field email = 'user66@test.com' .................................... passed
* form field password = 'Test123456' ...................................... passed
When method POST .......................................................... passed
* status 200 .............................................................. passed
* print response .......................................................... passed
Given url 'https://www.krafttechexlab.com/sw/api/v1/allusers/login' ....... passed
* form field email = 'thomas@test.com' .................................... passed
* form field password = 'Test123456!' ..................................... passed
When method POST .......................................................... passed
* status 200 .............................................................. passed
* print response .......................................................... passed</system-out>
  </testcase>
  <testcase classname="features.dataDrivenTest" name="10" time="0.292558">
    <system-out>Given url 'https://www.krafttechexlab.com/sw/api/v1/allusers/login' ....... passed
* form field email = 'KAlp8@krafttechexlab.com' ........................... passed
* form field password = '123467' .......................................... passed
When method POST .......................................................... passed
* status 200 .............................................................. passed
* print response .......................................................... passed
Given url 'https://www.krafttechexlab.com/sw/api/v1/allusers/login' ....... passed
* form field email = 'Ramanzi@test.com' ................................... passed
* form field password = 'Test123456' ...................................... passed
When method POST .......................................................... passed
* status 200 .............................................................. passed
* print response .......................................................... passed
Given url 'https://www.krafttechexlab.com/sw/api/v1/allusers/login' ....... passed
* form field email = 'user11@test.com' .................................... passed
* form field password = 'Test123456' ...................................... passed
When method POST .......................................................... passed
* status 200 .............................................................. passed
* print response .......................................................... passed
Given url 'https://www.krafttechexlab.com/sw/api/v1/allusers/login' ....... passed
* form field email = 'user22@test.com' .................................... passed
* form field password = 'Test123456' ...................................... passed
When method POST .......................................................... passed
* status 200 .............................................................. passed
* print response .......................................................... passed
Given url 'https://www.krafttechexlab.com/sw/api/v1/allusers/login' ....... passed
* form field email = 'user33@test.com' .................................... passed
* form field password = 'Test123456' ...................................... passed
When method POST .......................................................... passed
* status 200 .............................................................. passed
* print response .......................................................... passed
Given url 'https://www.krafttechexlab.com/sw/api/v1/allusers/login' ....... passed
* form field email = 'user44@test.com' .................................... passed
* form field password = 'Test123456' ...................................... passed
When method POST .......................................................... passed
* status 200 .............................................................. passed
* print response .......................................................... passed
Given url 'https://www.krafttechexlab.com/sw/api/v1/allusers/login' ....... passed
* form field email = 'user55@test.com' .................................... passed
* form field password = 'Test123456' ...................................... passed
When method POST .......................................................... passed
* status 200 .............................................................. passed
* print response .......................................................... passed
Given url 'https://www.krafttechexlab.com/sw/api/v1/allusers/login' ....... passed
* form field email = 'user66@test.com' .................................... passed
* form field password = 'Test123456' ...................................... passed
When method POST .......................................................... passed
* status 200 .............................................................. passed
* print response .......................................................... passed
Given url 'https://www.krafttechexlab.com/sw/api/v1/allusers/login' ....... passed
* form field email = 'thomas@test.com' .................................... passed
* form field password = 'Test123456!' ..................................... passed
When method POST .......................................................... passed
* status 200 .............................................................. passed
* print response .......................................................... passed
Given url 'https://www.krafttechexlab.com/sw/api/v1/allusers/login' ....... passed
* form field email = 'Ramanzi@test.com' ................................... passed
* form field password = 'Test123456' ...................................... passed
When method POST .......................................................... passed
* status 200 .............................................................. passed
* print response .......................................................... passed</system-out>
  </testcase>
  <testcase classname="features.dataDrivenTest" name="11" time="0.312633">
    <system-out>Given url 'https://www.krafttechexlab.com/sw/api/v1/allusers/login' ....... passed
* form field email = 'KAlp8@krafttechexlab.com' ........................... passed
* form field password = '123467' .......................................... passed
When method POST .......................................................... passed
* status 200 .............................................................. passed
* print response .......................................................... passed
Given url 'https://www.krafttechexlab.com/sw/api/v1/allusers/login' ....... passed
* form field email = 'Ramanzi@test.com' ................................... passed
* form field password = 'Test123456' ...................................... passed
When method POST .......................................................... passed
* status 200 .............................................................. passed
* print response .......................................................... passed
Given url 'https://www.krafttechexlab.com/sw/api/v1/allusers/login' ....... passed
* form field email = 'user11@test.com' .................................... passed
* form field password = 'Test123456' ...................................... passed
When method POST .......................................................... passed
* status 200 .............................................................. passed
* print response .......................................................... passed
Given url 'https://www.krafttechexlab.com/sw/api/v1/allusers/login' ....... passed
* form field email = 'user22@test.com' .................................... passed
* form field password = 'Test123456' ...................................... passed
When method POST .......................................................... passed
* status 200 .............................................................. passed
* print response .......................................................... passed
Given url 'https://www.krafttechexlab.com/sw/api/v1/allusers/login' ....... passed
* form field email = 'user33@test.com' .................................... passed
* form field password = 'Test123456' ...................................... passed
When method POST .......................................................... passed
* status 200 .............................................................. passed
* print response .......................................................... passed
Given url 'https://www.krafttechexlab.com/sw/api/v1/allusers/login' ....... passed
* form field email = 'user44@test.com' .................................... passed
* form field password = 'Test123456' ...................................... passed
When method POST .......................................................... passed
* status 200 .............................................................. passed
* print response .......................................................... passed
Given url 'https://www.krafttechexlab.com/sw/api/v1/allusers/login' ....... passed
* form field email = 'user55@test.com' .................................... passed
* form field password = 'Test123456' ...................................... passed
When method POST .......................................................... passed
* status 200 .............................................................. passed
* print response .......................................................... passed
Given url 'https://www.krafttechexlab.com/sw/api/v1/allusers/login' ....... passed
* form field email = 'user66@test.com' .................................... passed
* form field password = 'Test123456' ...................................... passed
When method POST .......................................................... passed
* status 200 .............................................................. passed
* print response .......................................................... passed
Given url 'https://www.krafttechexlab.com/sw/api/v1/allusers/login' ....... passed
* form field email = 'thomas@test.com' .................................... passed
* form field password = 'Test123456!' ..................................... passed
When method POST .......................................................... passed
* status 200 .............................................................. passed
* print response .......................................................... passed
Given url 'https://www.krafttechexlab.com/sw/api/v1/allusers/login' ....... passed
* form field email = 'Ramanzi@test.com' ................................... passed
* form field password = 'Test123456' ...................................... passed
When method POST .......................................................... passed
* status 200 .............................................................. passed
* print response .......................................................... passed
Given url 'https://www.krafttechexlab.com/sw/api/v1/allusers/login' ....... passed
* form field email = 'user11@test.com' .................................... passed
* form field password = 'Test123456' ...................................... passed
When method POST .......................................................... passed
* status 200 .............................................................. passed
* print response .......................................................... passed</system-out>
  </testcase>
  <testcase classname="features.dataDrivenTest" name="12" time="0.292674">
    <system-out>Given url 'https://www.krafttechexlab.com/sw/api/v1/allusers/login' ....... passed
* form field email = 'KAlp8@krafttechexlab.com' ........................... passed
* form field password = '123467' .......................................... passed
When method POST .......................................................... passed
* status 200 .............................................................. passed
* print response .......................................................... passed
Given url 'https://www.krafttechexlab.com/sw/api/v1/allusers/login' ....... passed
* form field email = 'Ramanzi@test.com' ................................... passed
* form field password = 'Test123456' ...................................... passed
When method POST .......................................................... passed
* status 200 .............................................................. passed
* print response .......................................................... passed
Given url 'https://www.krafttechexlab.com/sw/api/v1/allusers/login' ....... passed
* form field email = 'user11@test.com' .................................... passed
* form field password = 'Test123456' ...................................... passed
When method POST .......................................................... passed
* status 200 .............................................................. passed
* print response .......................................................... passed
Given url 'https://www.krafttechexlab.com/sw/api/v1/allusers/login' ....... passed
* form field email = 'user22@test.com' .................................... passed
* form field password = 'Test123456' ...................................... passed
When method POST .......................................................... passed
* status 200 .............................................................. passed
* print response .......................................................... passed
Given url 'https://www.krafttechexlab.com/sw/api/v1/allusers/login' ....... passed
* form field email = 'user33@test.com' .................................... passed
* form field password = 'Test123456' ...................................... passed
When method POST .......................................................... passed
* status 200 .............................................................. passed
* print response .......................................................... passed
Given url 'https://www.krafttechexlab.com/sw/api/v1/allusers/login' ....... passed
* form field email = 'user44@test.com' .................................... passed
* form field password = 'Test123456' ...................................... passed
When method POST .......................................................... passed
* status 200 .............................................................. passed
* print response .......................................................... passed
Given url 'https://www.krafttechexlab.com/sw/api/v1/allusers/login' ....... passed
* form field email = 'user55@test.com' .................................... passed
* form field password = 'Test123456' ...................................... passed
When method POST .......................................................... passed
* status 200 .............................................................. passed
* print response .......................................................... passed
Given url 'https://www.krafttechexlab.com/sw/api/v1/allusers/login' ....... passed
* form field email = 'user66@test.com' .................................... passed
* form field password = 'Test123456' ...................................... passed
When method POST .......................................................... passed
* status 200 .............................................................. passed
* print response .......................................................... passed
Given url 'https://www.krafttechexlab.com/sw/api/v1/allusers/login' ....... passed
* form field email = 'thomas@test.com' .................................... passed
* form field password = 'Test123456!' ..................................... passed
When method POST .......................................................... passed
* status 200 .............................................................. passed
* print response .......................................................... passed
Given url 'https://www.krafttechexlab.com/sw/api/v1/allusers/login' ....... passed
* form field email = 'Ramanzi@test.com' ................................... passed
* form field password = 'Test123456' ...................................... passed
When method POST .......................................................... passed
* status 200 .............................................................. passed
* print response .......................................................... passed
Given url 'https://www.krafttechexlab.com/sw/api/v1/allusers/login' ....... passed
* form field email = 'user11@test.com' .................................... passed
* form field password = 'Test123456' ...................................... passed
When method POST .......................................................... passed
* status 200 .............................................................. passed
* print response .......................................................... passed
Given url 'https://www.krafttechexlab.com/sw/api/v1/allusers/login' ....... passed
* form field email = 'user22@test.com' .................................... passed
* form field password = 'Test123456' ...................................... passed
When method POST .......................................................... passed
* status 200 .............................................................. passed
* print response .......................................................... passed</system-out>
  </testcase>
  <testcase classname="features.dataDrivenTest" name="13" time="0.290066">
    <system-out>Given url 'https://www.krafttechexlab.com/sw/api/v1/allusers/login' ....... passed
* form field email = 'KAlp8@krafttechexlab.com' ........................... passed
* form field password = '123467' .......................................... passed
When method POST .......................................................... passed
* status 200 .............................................................. passed
* print response .......................................................... passed
Given url 'https://www.krafttechexlab.com/sw/api/v1/allusers/login' ....... passed
* form field email = 'Ramanzi@test.com' ................................... passed
* form field password = 'Test123456' ...................................... passed
When method POST .......................................................... passed
* status 200 .............................................................. passed
* print response .......................................................... passed
Given url 'https://www.krafttechexlab.com/sw/api/v1/allusers/login' ....... passed
* form field email = 'user11@test.com' .................................... passed
* form field password = 'Test123456' ...................................... passed
When method POST .......................................................... passed
* status 200 .............................................................. passed
* print response .......................................................... passed
Given url 'https://www.krafttechexlab.com/sw/api/v1/allusers/login' ....... passed
* form field email = 'user22@test.com' .................................... passed
* form field password = 'Test123456' ...................................... passed
When method POST .......................................................... passed
* status 200 .............................................................. passed
* print response .......................................................... passed
Given url 'https://www.krafttechexlab.com/sw/api/v1/allusers/login' ....... passed
* form field email = 'user33@test.com' .................................... passed
* form field password = 'Test123456' ...................................... passed
When method POST .......................................................... passed
* status 200 .............................................................. passed
* print response .......................................................... passed
Given url 'https://www.krafttechexlab.com/sw/api/v1/allusers/login' ....... passed
* form field email = 'user44@test.com' .................................... passed
* form field password = 'Test123456' ...................................... passed
When method POST .......................................................... passed
* status 200 .............................................................. passed
* print response .......................................................... passed
Given url 'https://www.krafttechexlab.com/sw/api/v1/allusers/login' ....... passed
* form field email = 'user55@test.com' .................................... passed
* form field password = 'Test123456' ...................................... passed
When method POST .......................................................... passed
* status 200 .............................................................. passed
* print response .......................................................... passed
Given url 'https://www.krafttechexlab.com/sw/api/v1/allusers/login' ....... passed
* form field email = 'user66@test.com' .................................... passed
* form field password = 'Test123456' ...................................... passed
When method POST .......................................................... passed
* status 200 .............................................................. passed
* print response .......................................................... passed
Given url 'https://www.krafttechexlab.com/sw/api/v1/allusers/login' ....... passed
* form field email = 'thomas@test.com' .................................... passed
* form field password = 'Test123456!' ..................................... passed
When method POST .......................................................... passed
* status 200 .............................................................. passed
* print response .......................................................... passed
Given url 'https://www.krafttechexlab.com/sw/api/v1/allusers/login' ....... passed
* form field email = 'Ramanzi@test.com' ................................... passed
* form field password = 'Test123456' ...................................... passed
When method POST .......................................................... passed
* status 200 .............................................................. passed
* print response .......................................................... passed
Given url 'https://www.krafttechexlab.com/sw/api/v1/allusers/login' ....... passed
* form field email = 'user11@test.com' .................................... passed
* form field password = 'Test123456' ...................................... passed
When method POST .......................................................... passed
* status 200 .............................................................. passed
* print response .......................................................... passed
Given url 'https://www.krafttechexlab.com/sw/api/v1/allusers/login' ....... passed
* form field email = 'user22@test.com' .................................... passed
* form field password = 'Test123456' ...................................... passed
When method POST .......................................................... passed
* status 200 .............................................................. passed
* print response .......................................................... passed
Given url 'https://www.krafttechexlab.com/sw/api/v1/allusers/login' ....... passed
* form field email = 'user33@test.com' .................................... passed
* form field password = 'Test123456' ...................................... passed
When method POST .......................................................... passed
* status 200 .............................................................. passed
* print response .......................................................... passed</system-out>
  </testcase>
  <testcase classname="features.dataDrivenTest" name="14" time="1.30777">
    <system-out>Given url 'https://www.krafttechexlab.com/sw/api/v1/allusers/login' ....... passed
* form field email = 'KAlp8@krafttechexlab.com' ........................... passed
* form field password = '123467' .......................................... passed
When method POST .......................................................... passed
* status 200 .............................................................. passed
* print response .......................................................... passed
Given url 'https://www.krafttechexlab.com/sw/api/v1/allusers/login' ....... passed
* form field email = 'Ramanzi@test.com' ................................... passed
* form field password = 'Test123456' ...................................... passed
When method POST .......................................................... passed
* status 200 .............................................................. passed
* print response .......................................................... passed
Given url 'https://www.krafttechexlab.com/sw/api/v1/allusers/login' ....... passed
* form field email = 'user11@test.com' .................................... passed
* form field password = 'Test123456' ...................................... passed
When method POST .......................................................... passed
* status 200 .............................................................. passed
* print response .......................................................... passed
Given url 'https://www.krafttechexlab.com/sw/api/v1/allusers/login' ....... passed
* form field email = 'user22@test.com' .................................... passed
* form field password = 'Test123456' ...................................... passed
When method POST .......................................................... passed
* status 200 .............................................................. passed
* print response .......................................................... passed
Given url 'https://www.krafttechexlab.com/sw/api/v1/allusers/login' ....... passed
* form field email = 'user33@test.com' .................................... passed
* form field password = 'Test123456' ...................................... passed
When method POST .......................................................... passed
* status 200 .............................................................. passed
* print response .......................................................... passed
Given url 'https://www.krafttechexlab.com/sw/api/v1/allusers/login' ....... passed
* form field email = 'user44@test.com' .................................... passed
* form field password = 'Test123456' ...................................... passed
When method POST .......................................................... passed
* status 200 .............................................................. passed
* print response .......................................................... passed
Given url 'https://www.krafttechexlab.com/sw/api/v1/allusers/login' ....... passed
* form field email = 'user55@test.com' .................................... passed
* form field password = 'Test123456' ...................................... passed
When method POST .......................................................... passed
* status 200 .............................................................. passed
* print response .......................................................... passed
Given url 'https://www.krafttechexlab.com/sw/api/v1/allusers/login' ....... passed
* form field email = 'user66@test.com' .................................... passed
* form field password = 'Test123456' ...................................... passed
When method POST .......................................................... passed
* status 200 .............................................................. passed
* print response .......................................................... passed
Given url 'https://www.krafttechexlab.com/sw/api/v1/allusers/login' ....... passed
* form field email = 'thomas@test.com' .................................... passed
* form field password = 'Test123456!' ..................................... passed
When method POST .......................................................... passed
* status 200 .............................................................. passed
* print response .......................................................... passed
Given url 'https://www.krafttechexlab.com/sw/api/v1/allusers/login' ....... passed
* form field email = 'Ramanzi@test.com' ................................... passed
* form field password = 'Test123456' ...................................... passed
When method POST .......................................................... passed
* status 200 .............................................................. passed
* print response .......................................................... passed
Given url 'https://www.krafttechexlab.com/sw/api/v1/allusers/login' ....... passed
* form field email = 'user11@test.com' .................................... passed
* form field password = 'Test123456' ...................................... passed
When method POST .......................................................... passed
* status 200 .............................................................. passed
* print response .......................................................... passed
Given url 'https://www.krafttechexlab.com/sw/api/v1/allusers/login' ....... passed
* form field email = 'user22@test.com' .................................... passed
* form field password = 'Test123456' ...................................... passed
When method POST .......................................................... passed
* status 200 .............................................................. passed
* print response .......................................................... passed
Given url 'https://www.krafttechexlab.com/sw/api/v1/allusers/login' ....... passed
* form field email = 'user33@test.com' .................................... passed
* form field password = 'Test123456' ...................................... passed
When method POST .......................................................... passed
* status 200 .............................................................. passed
* print response .......................................................... passed
Given url 'https://www.krafttechexlab.com/sw/api/v1/allusers/login' ....... passed
* form field email = 'user44@test.com' .................................... passed
* form field password = 'Test123456' ...................................... passed
When method POST .......................................................... passed
* status 200 .............................................................. passed
* print response .......................................................... passed</system-out>
  </testcase>
  <testcase classname="features.dataDrivenTest" name="15" time="0.296582">
    <system-out>Given url 'https://www.krafttechexlab.com/sw/api/v1/allusers/login' ....... passed
* form field email = 'KAlp8@krafttechexlab.com' ........................... passed
* form field password = '123467' .......................................... passed
When method POST .......................................................... passed
* status 200 .............................................................. passed
* print response .......................................................... passed
Given url 'https://www.krafttechexlab.com/sw/api/v1/allusers/login' ....... passed
* form field email = 'Ramanzi@test.com' ................................... passed
* form field password = 'Test123456' ...................................... passed
When method POST .......................................................... passed
* status 200 .............................................................. passed
* print response .......................................................... passed
Given url 'https://www.krafttechexlab.com/sw/api/v1/allusers/login' ....... passed
* form field email = 'user11@test.com' .................................... passed
* form field password = 'Test123456' ...................................... passed
When method POST .......................................................... passed
* status 200 .............................................................. passed
* print response .......................................................... passed
Given url 'https://www.krafttechexlab.com/sw/api/v1/allusers/login' ....... passed
* form field email = 'user22@test.com' .................................... passed
* form field password = 'Test123456' ...................................... passed
When method POST .......................................................... passed
* status 200 .............................................................. passed
* print response .......................................................... passed
Given url 'https://www.krafttechexlab.com/sw/api/v1/allusers/login' ....... passed
* form field email = 'user33@test.com' .................................... passed
* form field password = 'Test123456' ...................................... passed
When method POST .......................................................... passed
* status 200 .............................................................. passed
* print response .......................................................... passed
Given url 'https://www.krafttechexlab.com/sw/api/v1/allusers/login' ....... passed
* form field email = 'user44@test.com' .................................... passed
* form field password = 'Test123456' ...................................... passed
When method POST .......................................................... passed
* status 200 .............................................................. passed
* print response .......................................................... passed
Given url 'https://www.krafttechexlab.com/sw/api/v1/allusers/login' ....... passed
* form field email = 'user55@test.com' .................................... passed
* form field password = 'Test123456' ...................................... passed
When method POST .......................................................... passed
* status 200 .............................................................. passed
* print response .......................................................... passed
Given url 'https://www.krafttechexlab.com/sw/api/v1/allusers/login' ....... passed
* form field email = 'user66@test.com' .................................... passed
* form field password = 'Test123456' ...................................... passed
When method POST .......................................................... passed
* status 200 .............................................................. passed
* print response .......................................................... passed
Given url 'https://www.krafttechexlab.com/sw/api/v1/allusers/login' ....... passed
* form field email = 'thomas@test.com' .................................... passed
* form field password = 'Test123456!' ..................................... passed
When method POST .......................................................... passed
* status 200 .............................................................. passed
* print response .......................................................... passed
Given url 'https://www.krafttechexlab.com/sw/api/v1/allusers/login' ....... passed
* form field email = 'Ramanzi@test.com' ................................... passed
* form field password = 'Test123456' ...................................... passed
When method POST .......................................................... passed
* status 200 .............................................................. passed
* print response .......................................................... passed
Given url 'https://www.krafttechexlab.com/sw/api/v1/allusers/login' ....... passed
* form field email = 'user11@test.com' .................................... passed
* form field password = 'Test123456' ...................................... passed
When method POST .......................................................... passed
* status 200 .............................................................. passed
* print response .......................................................... passed
Given url 'https://www.krafttechexlab.com/sw/api/v1/allusers/login' ....... passed
* form field email = 'user22@test.com' .................................... passed
* form field password = 'Test123456' ...................................... passed
When method POST .......................................................... passed
* status 200 .............................................................. passed
* print response .......................................................... passed
Given url 'https://www.krafttechexlab.com/sw/api/v1/allusers/login' ....... passed
* form field email = 'user33@test.com' .................................... passed
* form field password = 'Test123456' ...................................... passed
When method POST .......................................................... passed
* status 200 .............................................................. passed
* print response .......................................................... passed
Given url 'https://www.krafttechexlab.com/sw/api/v1/allusers/login' ....... passed
* form field email = 'user44@test.com' .................................... passed
* form field password = 'Test123456' ...................................... passed
When method POST .......................................................... passed
* status 200 .............................................................. passed
* print response .......................................................... passed
Given url 'https://www.krafttechexlab.com/sw/api/v1/allusers/login' ....... passed
* form field email = 'user55@test.com' .................................... passed
* form field password = 'Test123456' ...................................... passed
When method POST .......................................................... passed
* status 200 .............................................................. passed
* print response .......................................................... passed</system-out>
  </testcase>
  <testcase classname="features.dataDrivenTest" name="16" time="0.295426">
    <system-out>Given url 'https://www.krafttechexlab.com/sw/api/v1/allusers/login' ....... passed
* form field email = 'KAlp8@krafttechexlab.com' ........................... passed
* form field password = '123467' .......................................... passed
When method POST .......................................................... passed
* status 200 .............................................................. passed
* print response .......................................................... passed
Given url 'https://www.krafttechexlab.com/sw/api/v1/allusers/login' ....... passed
* form field email = 'Ramanzi@test.com' ................................... passed
* form field password = 'Test123456' ...................................... passed
When method POST .......................................................... passed
* status 200 .............................................................. passed
* print response .......................................................... passed
Given url 'https://www.krafttechexlab.com/sw/api/v1/allusers/login' ....... passed
* form field email = 'user11@test.com' .................................... passed
* form field password = 'Test123456' ...................................... passed
When method POST .......................................................... passed
* status 200 .............................................................. passed
* print response .......................................................... passed
Given url 'https://www.krafttechexlab.com/sw/api/v1/allusers/login' ....... passed
* form field email = 'user22@test.com' .................................... passed
* form field password = 'Test123456' ...................................... passed
When method POST .......................................................... passed
* status 200 .............................................................. passed
* print response .......................................................... passed
Given url 'https://www.krafttechexlab.com/sw/api/v1/allusers/login' ....... passed
* form field email = 'user33@test.com' .................................... passed
* form field password = 'Test123456' ...................................... passed
When method POST .......................................................... passed
* status 200 .............................................................. passed
* print response .......................................................... passed
Given url 'https://www.krafttechexlab.com/sw/api/v1/allusers/login' ....... passed
* form field email = 'user44@test.com' .................................... passed
* form field password = 'Test123456' ...................................... passed
When method POST .......................................................... passed
* status 200 .............................................................. passed
* print response .......................................................... passed
Given url 'https://www.krafttechexlab.com/sw/api/v1/allusers/login' ....... passed
* form field email = 'user55@test.com' .................................... passed
* form field password = 'Test123456' ...................................... passed
When method POST .......................................................... passed
* status 200 .............................................................. passed
* print response .......................................................... passed
Given url 'https://www.krafttechexlab.com/sw/api/v1/allusers/login' ....... passed
* form field email = 'user66@test.com' .................................... passed
* form field password = 'Test123456' ...................................... passed
When method POST .......................................................... passed
* status 200 .............................................................. passed
* print response .......................................................... passed
Given url 'https://www.krafttechexlab.com/sw/api/v1/allusers/login' ....... passed
* form field email = 'thomas@test.com' .................................... passed
* form field password = 'Test123456!' ..................................... passed
When method POST .......................................................... passed
* status 200 .............................................................. passed
* print response .......................................................... passed
Given url 'https://www.krafttechexlab.com/sw/api/v1/allusers/login' ....... passed
* form field email = 'Ramanzi@test.com' ................................... passed
* form field password = 'Test123456' ...................................... passed
When method POST .......................................................... passed
* status 200 .............................................................. passed
* print response .......................................................... passed
Given url 'https://www.krafttechexlab.com/sw/api/v1/allusers/login' ....... passed
* form field email = 'user11@test.com' .................................... passed
* form field password = 'Test123456' ...................................... passed
When method POST .......................................................... passed
* status 200 .............................................................. passed
* print response .......................................................... passed
Given url 'https://www.krafttechexlab.com/sw/api/v1/allusers/login' ....... passed
* form field email = 'user22@test.com' .................................... passed
* form field password = 'Test123456' ...................................... passed
When method POST .......................................................... passed
* status 200 .............................................................. passed
* print response .......................................................... passed
Given url 'https://www.krafttechexlab.com/sw/api/v1/allusers/login' ....... passed
* form field email = 'user33@test.com' .................................... passed
* form field password = 'Test123456' ...................................... passed
When method POST .......................................................... passed
* status 200 .............................................................. passed
* print response .......................................................... passed
Given url 'https://www.krafttechexlab.com/sw/api/v1/allusers/login' ....... passed
* form field email = 'user44@test.com' .................................... passed
* form field password = 'Test123456' ...................................... passed
When method POST .......................................................... passed
* status 200 .............................................................. passed
* print response .......................................................... passed
Given url 'https://www.krafttechexlab.com/sw/api/v1/allusers/login' ....... passed
* form field email = 'user55@test.com' .................................... passed
* form field password = 'Test123456' ...................................... passed
When method POST .......................................................... passed
* status 200 .............................................................. passed
* print response .......................................................... passed
Given url 'https://www.krafttechexlab.com/sw/api/v1/allusers/login' ....... passed
* form field email = 'user66@test.com' .................................... passed
* form field password = 'Test123456' ...................................... passed
When method POST .......................................................... passed
* status 200 .............................................................. passed
* print response .......................................................... passed</system-out>
  </testcase>
</testsuite>
