<testsuite failures="0" name="src/test/java/features/postNewUser.feature" skipped="0" tests="1" time="0.715382">
  <testcase classname="src.test.java.features.postNewUser" name="Create a new user" time="0.715382">
    <system-out>* def baseUrl = 'https://www.krafttechexlab.com/sw/api/v1/allusers' ....... passed
Given url baseUrl ......................................................... passed
* path 'register' ......................................................... passed
And header Accept = 'application/json; charset=UTF-8' ..................... passed
And header Content-Type = 'application/json; charset=UTF-8' ............... passed
And request ............................................................... passed
When method POST .......................................................... passed
* print response .......................................................... passed
* print response.token .................................................... passed
* def token = response.token .............................................. passed</system-out>
  </testcase>
</testsuite>
