<testsuite failures="0" name="src/test/java/features/firstKarateTest.feature" skipped="0" tests="1" time="0.132593">
  <testcase classname="src.test.java.features.firstKarateTest" name="Json body" time="0.132593">
    <system-out>* def user = .............................................................. passed
* print user .............................................................. passed
* print user.age .......................................................... passed</system-out>
  </testcase>
</testsuite>
